<?xml version="1.0" encoding="UTF-8"?>
<!-- Generated by org.testng.reporters.JUnitXMLReporter -->
<testsuite hostname="LenovoPC" name="Login" tests="1" failures="1" timestamp="8 Oct 2018 11:29:21 GMT" time="113.456" errors="0">
  <testcase name="@AfterTest afterTest" time="0.0" classname="Framework.StartTest">
    <failure type="org.openqa.selenium.WebDriverException" message="Method has not yet been implemented (WARNING: The server did not provide any stacktrace information)
Command duration or timeout: 32 milliseconds
Build info: version: &amp;apos;3.0.0&amp;apos;, revision: &amp;apos;350cf60&amp;apos;, time: &amp;apos;2016-10-13 10:48:16 -0700&amp;apos;
System info: host: &amp;apos;LenovoPC&amp;apos;, ip: &amp;apos;10.97.6.110&amp;apos;, os.name: &amp;apos;Windows 10&amp;apos;, os.arch: &amp;apos;amd64&amp;apos;, os.version: &amp;apos;10.0&amp;apos;, java.version: &amp;apos;1.8.0_171&amp;apos;
Driver info: io.appium.java_client.android.AndroidDriver
Capabilities [{app=C:\Apllications and installer\APK\Spark_V1.9.0.4.apk, appPackage=com.tantalumcorporation.phoenix, deviceScreenSize=1080x2280, networkConnectionEnabled=true, clearSystemFiles=true, warnings={}, databaseEnabled=false, deviceName=86S7N18426001560, platform=ANDROID, deviceUDID=86S7N18426001560, appActivity=com.tantalumcorporation.phoenix.authentication.AuthenticateActivity, desired={app=C:\Apllications and installer\APK\Spark_V1.9.0.4.apk, appPackage=com.tantalumcorporation.phoenix, appActivity=com.tantalumcorporation.phoenix.authentication.AuthenticateActivity, clearSystemFiles=true, platformVersion=8.0.0, autoGrantPermissions=true, platformName=Android, deviceName=Huawei P20, platform=ANDROID, enablePerformanceLogging=true}, platformVersion=8.0.0, webStorageEnabled=false, locationContextEnabled=false, takesScreenshot=true, autoGrantPermissions=true, javascriptEnabled=true, deviceModel=ANE-AL00, platformName=Android, deviceManufacturer=HUAWEI, enablePerformanceLogging=true}]
Session ID: 2870d60d-61d7-4769-8da6-065317eec087">
      <![CDATA[org.openqa.selenium.WebDriverException: Method has not yet been implemented (WARNING: The server did not provide any stacktrace information)
Command duration or timeout: 32 milliseconds
Build info: version: '3.0.0', revision: '350cf60', time: '2016-10-13 10:48:16 -0700'
System info: host: 'LenovoPC', ip: '10.97.6.110', os.name: 'Windows 10', os.arch: 'amd64', os.version: '10.0', java.version: '1.8.0_171'
Driver info: io.appium.java_client.android.AndroidDriver
Capabilities [{app=C:\Apllications and installer\APK\Spark_V1.9.0.4.apk, appPackage=com.tantalumcorporation.phoenix, deviceScreenSize=1080x2280, networkConnectionEnabled=true, clearSystemFiles=true, warnings={}, databaseEnabled=false, deviceName=86S7N18426001560, platform=ANDROID, deviceUDID=86S7N18426001560, appActivity=com.tantalumcorporation.phoenix.authentication.AuthenticateActivity, desired={app=C:\Apllications and installer\APK\Spark_V1.9.0.4.apk, appPackage=com.tantalumcorporation.phoenix, appActivity=com.tantalumcorporation.phoenix.authentication.AuthenticateActivity, clearSystemFiles=true, platformVersion=8.0.0, autoGrantPermissions=true, platformName=Android, deviceName=Huawei P20, platform=ANDROID, enablePerformanceLogging=true}, platformVersion=8.0.0, webStorageEnabled=false, locationContextEnabled=false, takesScreenshot=true, autoGrantPermissions=true, javascriptEnabled=true, deviceModel=ANE-AL00, platformName=Android, deviceManufacturer=HUAWEI, enablePerformanceLogging=true}]
Session ID: 2870d60d-61d7-4769-8da6-065317eec087
	at org.openqa.selenium.remote.ErrorHandler.createThrowable(ErrorHandler.java:216)
	at org.openqa.selenium.remote.ErrorHandler.throwIfResponseFailed(ErrorHandler.java:168)
	at org.openqa.selenium.remote.RemoteWebDriver.execute(RemoteWebDriver.java:635)
	at io.appium.java_client.DefaultGenericMobileDriver.execute(DefaultGenericMobileDriver.java:46)
	at io.appium.java_client.AppiumDriver.execute(AppiumDriver.java:1)
	at io.appium.java_client.android.AndroidDriver.execute(AndroidDriver.java:1)
	at org.openqa.selenium.remote.RemoteWebDriver.close(RemoteWebDriver.java:487)
	at Framework.StartTest.afterTest(StartTest.java:96)
... Removed 26 stack frames]]>
    </failure>
  </testcase> <!-- @AfterTest afterTest -->
  <testcase name="f" time="80.325" classname="Framework.StartTest">
    <failure type="org.openqa.selenium.NoSuchElementException" message="An element could not be located on the page using the given search parameters. (WARNING: The server did not provide any stacktrace information)
Command duration or timeout: 80.26 seconds
For documentation on this error, please visit: http://seleniumhq.org/exceptions/no_such_element.html
Build info: version: &amp;apos;3.0.0&amp;apos;, revision: &amp;apos;350cf60&amp;apos;, time: &amp;apos;2016-10-13 10:48:16 -0700&amp;apos;
System info: host: &amp;apos;LenovoPC&amp;apos;, ip: &amp;apos;10.97.6.110&amp;apos;, os.name: &amp;apos;Windows 10&amp;apos;, os.arch: &amp;apos;amd64&amp;apos;, os.version: &amp;apos;10.0&amp;apos;, java.version: &amp;apos;1.8.0_171&amp;apos;
Driver info: io.appium.java_client.android.AndroidDriver
Capabilities [{app=C:\Apllications and installer\APK\Spark_V1.9.0.4.apk, appPackage=com.tantalumcorporation.phoenix, deviceScreenSize=1080x2280, networkConnectionEnabled=true, clearSystemFiles=true, warnings={}, databaseEnabled=false, deviceName=86S7N18426001560, platform=ANDROID, deviceUDID=86S7N18426001560, appActivity=com.tantalumcorporation.phoenix.authentication.AuthenticateActivity, desired={app=C:\Apllications and installer\APK\Spark_V1.9.0.4.apk, appPackage=com.tantalumcorporation.phoenix, appActivity=com.tantalumcorporation.phoenix.authentication.AuthenticateActivity, clearSystemFiles=true, platformVersion=8.0.0, autoGrantPermissions=true, platformName=Android, deviceName=Huawei P20, platform=ANDROID, enablePerformanceLogging=true}, platformVersion=8.0.0, webStorageEnabled=false, locationContextEnabled=false, takesScreenshot=true, autoGrantPermissions=true, javascriptEnabled=true, deviceModel=ANE-AL00, platformName=Android, deviceManufacturer=HUAWEI, enablePerformanceLogging=true}]
Session ID: 2870d60d-61d7-4769-8da6-065317eec087
*** Element info: {Using=id, value=username}">
      <![CDATA[org.openqa.selenium.NoSuchElementException: An element could not be located on the page using the given search parameters. (WARNING: The server did not provide any stacktrace information)
Command duration or timeout: 80.26 seconds
For documentation on this error, please visit: http://seleniumhq.org/exceptions/no_such_element.html
Build info: version: '3.0.0', revision: '350cf60', time: '2016-10-13 10:48:16 -0700'
System info: host: 'LenovoPC', ip: '10.97.6.110', os.name: 'Windows 10', os.arch: 'amd64', os.version: '10.0', java.version: '1.8.0_171'
Driver info: io.appium.java_client.android.AndroidDriver
Capabilities [{app=C:\Apllications and installer\APK\Spark_V1.9.0.4.apk, appPackage=com.tantalumcorporation.phoenix, deviceScreenSize=1080x2280, networkConnectionEnabled=true, clearSystemFiles=true, warnings={}, databaseEnabled=false, deviceName=86S7N18426001560, platform=ANDROID, deviceUDID=86S7N18426001560, appActivity=com.tantalumcorporation.phoenix.authentication.AuthenticateActivity, desired={app=C:\Apllications and installer\APK\Spark_V1.9.0.4.apk, appPackage=com.tantalumcorporation.phoenix, appActivity=com.tantalumcorporation.phoenix.authentication.AuthenticateActivity, clearSystemFiles=true, platformVersion=8.0.0, autoGrantPermissions=true, platformName=Android, deviceName=Huawei P20, platform=ANDROID, enablePerformanceLogging=true}, platformVersion=8.0.0, webStorageEnabled=false, locationContextEnabled=false, takesScreenshot=true, autoGrantPermissions=true, javascriptEnabled=true, deviceModel=ANE-AL00, platformName=Android, deviceManufacturer=HUAWEI, enablePerformanceLogging=true}]
Session ID: 2870d60d-61d7-4769-8da6-065317eec087
*** Element info: {Using=id, value=username}
	at org.openqa.selenium.remote.ErrorHandler.createThrowable(ErrorHandler.java:216)
	at org.openqa.selenium.remote.ErrorHandler.throwIfResponseFailed(ErrorHandler.java:168)
	at org.openqa.selenium.remote.RemoteWebDriver.execute(RemoteWebDriver.java:635)
	at io.appium.java_client.DefaultGenericMobileDriver.execute(DefaultGenericMobileDriver.java:42)
	at io.appium.java_client.AppiumDriver.execute(AppiumDriver.java:1)
	at io.appium.java_client.android.AndroidDriver.execute(AndroidDriver.java:1)
	at org.openqa.selenium.remote.RemoteWebDriver.findElement(RemoteWebDriver.java:368)
	at io.appium.java_client.DefaultGenericMobileDriver.findElement(DefaultGenericMobileDriver.java:62)
	at io.appium.java_client.AppiumDriver.findElement(AppiumDriver.java:1)
	at io.appium.java_client.android.AndroidDriver.findElement(AndroidDriver.java:1)
	at org.openqa.selenium.remote.RemoteWebDriver.findElementById(RemoteWebDriver.java:417)
	at io.appium.java_client.DefaultGenericMobileDriver.findElementById(DefaultGenericMobileDriver.java:70)
	at io.appium.java_client.AppiumDriver.findElementById(AppiumDriver.java:1)
	at io.appium.java_client.android.AndroidDriver.findElementById(AndroidDriver.java:1)
	at org.openqa.selenium.By$ById.findElement(By.java:218)
	at org.openqa.selenium.remote.RemoteWebDriver.findElement(RemoteWebDriver.java:360)
	at io.appium.java_client.DefaultGenericMobileDriver.findElement(DefaultGenericMobileDriver.java:58)
	at io.appium.java_client.AppiumDriver.findElement(AppiumDriver.java:1)
	at io.appium.java_client.android.AndroidDriver.findElement(AndroidDriver.java:1)
	at Framework.StartTest.f(StartTest.java:43)
... Removed 28 stack frames]]>
    </failure>
  </testcase> <!-- f -->
</testsuite> <!-- Login -->
