<?xml version="1.0" encoding="UTF-8"?>
<testng-results skipped="0" failed="2" total="2" passed="0">
  <reporter-output>
  </reporter-output>
  <suite name="Default suite" duration-ms="227354" started-at="2018-10-14T19:06:43Z" finished-at="2018-10-14T19:10:30Z">
    <groups>
    </groups>
    <test name="Default test" duration-ms="227354" started-at="2018-10-14T19:06:43Z" finished-at="2018-10-14T19:10:30Z">
      <class name="Framework.StartTest">
        <test-method status="PASS" signature="beforeTest()[pri:0, instance:Framework.StartTest@5025a98f]" name="beforeTest" is-config="true" duration-ms="37497" started-at="2018-10-15T00:36:43Z" finished-at="2018-10-15T00:37:20Z">
          <reporter-output>
          </reporter-output>
        </test-method> <!-- beforeTest -->
        <test-method status="FAIL" signature="loginPage(java.lang.String, java.lang.String)[pri:0, instance:Framework.StartTest@5025a98f]" name="loginPage" duration-ms="106841" started-at="2018-10-15T00:37:20Z" data-provider="Authentication" finished-at="2018-10-15T00:39:07Z">
          <params>
            <param index="0">
              <value>
                <![CDATA[sept29]]>
              </value>
            </param>
            <param index="1">
              <value>
                <![CDATA[Infinity@1]]>
              </value>
            </param>
          </params>
          <exception class="org.openqa.selenium.NoSuchElementException">
            <message>
              <![CDATA[An element could not be located on the page using the given search parameters. (WARNING: The server did not provide any stacktrace information)
Command duration or timeout: 80.22 seconds
For documentation on this error, please visit: http://seleniumhq.org/exceptions/no_such_element.html
Build info: version: '3.0.0', revision: '350cf60', time: '2016-10-13 10:48:16 -0700'
System info: host: 'LenovoPC', ip: '192.168.43.31', os.name: 'Windows 10', os.arch: 'amd64', os.version: '10.0', java.version: '1.8.0_171'
Driver info: io.appium.java_client.android.AndroidDriver
Capabilities [{app=C:\Apllications and installer\APK\app-spark-qaRelease.apk, appPackage=com.harman.spark, deviceScreenSize=1080x2280, networkConnectionEnabled=true, clearSystemFiles=true, warnings={}, databaseEnabled=false, deviceName=86S7N18426001560, platform=ANDROID, deviceUDID=86S7N18426001560, appActivity=com.tantalumcorporation.phoenix.common.environment.EnvironmentActivity, desired={app=C:\Apllications and installer\APK\app-spark-qaRelease.apk, appPackage=com.harman.spark, appActivity=com.tantalumcorporation.phoenix.common.environment.EnvironmentActivity, clearSystemFiles=true, platformVersion=8.0.0, autoGrantPermissions=true, platformName=Android, deviceName=Huawei P20 Lite, platform=ANDROID, enablePerformanceLogging=true}, platformVersion=8.0.0, webStorageEnabled=false, locationContextEnabled=false, takesScreenshot=true, autoGrantPermissions=true, javascriptEnabled=true, deviceModel=ANE-AL00, platformName=Android, deviceManufacturer=HUAWEI, enablePerformanceLogging=true}]
Session ID: f7df69a2-ac02-4304-b3b7-67574925402c
*** Element info: {Using=xpath, value=//android.view.ViewGroup[@text='Account']}]]>
            </message>
            <full-stacktrace>
              <![CDATA[org.openqa.selenium.NoSuchElementException: An element could not be located on the page using the given search parameters. (WARNING: The server did not provide any stacktrace information)
Command duration or timeout: 80.22 seconds
For documentation on this error, please visit: http://seleniumhq.org/exceptions/no_such_element.html
Build info: version: '3.0.0', revision: '350cf60', time: '2016-10-13 10:48:16 -0700'
System info: host: 'LenovoPC', ip: '192.168.43.31', os.name: 'Windows 10', os.arch: 'amd64', os.version: '10.0', java.version: '1.8.0_171'
Driver info: io.appium.java_client.android.AndroidDriver
Capabilities [{app=C:\Apllications and installer\APK\app-spark-qaRelease.apk, appPackage=com.harman.spark, deviceScreenSize=1080x2280, networkConnectionEnabled=true, clearSystemFiles=true, warnings={}, databaseEnabled=false, deviceName=86S7N18426001560, platform=ANDROID, deviceUDID=86S7N18426001560, appActivity=com.tantalumcorporation.phoenix.common.environment.EnvironmentActivity, desired={app=C:\Apllications and installer\APK\app-spark-qaRelease.apk, appPackage=com.harman.spark, appActivity=com.tantalumcorporation.phoenix.common.environment.EnvironmentActivity, clearSystemFiles=true, platformVersion=8.0.0, autoGrantPermissions=true, platformName=Android, deviceName=Huawei P20 Lite, platform=ANDROID, enablePerformanceLogging=true}, platformVersion=8.0.0, webStorageEnabled=false, locationContextEnabled=false, takesScreenshot=true, autoGrantPermissions=true, javascriptEnabled=true, deviceModel=ANE-AL00, platformName=Android, deviceManufacturer=HUAWEI, enablePerformanceLogging=true}]
Session ID: f7df69a2-ac02-4304-b3b7-67574925402c
*** Element info: {Using=xpath, value=//android.view.ViewGroup[@text='Account']}
	at sun.reflect.NativeConstructorAccessorImpl.newInstance0(Native Method)
	at sun.reflect.NativeConstructorAccessorImpl.newInstance(Unknown Source)
	at sun.reflect.DelegatingConstructorAccessorImpl.newInstance(Unknown Source)
	at java.lang.reflect.Constructor.newInstance(Unknown Source)
	at org.openqa.selenium.remote.ErrorHandler.createThrowable(ErrorHandler.java:216)
	at org.openqa.selenium.remote.ErrorHandler.throwIfResponseFailed(ErrorHandler.java:168)
	at org.openqa.selenium.remote.RemoteWebDriver.execute(RemoteWebDriver.java:635)
	at io.appium.java_client.DefaultGenericMobileDriver.execute(DefaultGenericMobileDriver.java:42)
	at io.appium.java_client.AppiumDriver.execute(AppiumDriver.java:1)
	at io.appium.java_client.android.AndroidDriver.execute(AndroidDriver.java:1)
	at org.openqa.selenium.remote.RemoteWebDriver.findElement(RemoteWebDriver.java:368)
	at io.appium.java_client.DefaultGenericMobileDriver.findElement(DefaultGenericMobileDriver.java:62)
	at io.appium.java_client.AppiumDriver.findElement(AppiumDriver.java:1)
	at io.appium.java_client.android.AndroidDriver.findElement(AndroidDriver.java:1)
	at org.openqa.selenium.remote.RemoteWebDriver.findElementByXPath(RemoteWebDriver.java:473)
	at io.appium.java_client.DefaultGenericMobileDriver.findElementByXPath(DefaultGenericMobileDriver.java:140)
	at io.appium.java_client.AppiumDriver.findElementByXPath(AppiumDriver.java:1)
	at io.appium.java_client.android.AndroidDriver.findElementByXPath(AndroidDriver.java:1)
	at org.openqa.selenium.By$ByXPath.findElement(By.java:361)
	at org.openqa.selenium.remote.RemoteWebDriver.findElement(RemoteWebDriver.java:360)
	at io.appium.java_client.DefaultGenericMobileDriver.findElement(DefaultGenericMobileDriver.java:58)
	at io.appium.java_client.AppiumDriver.findElement(AppiumDriver.java:1)
	at io.appium.java_client.android.AndroidDriver.findElement(AndroidDriver.java:1)
	at Framework.LoginPage.loginAction(LoginPage.java:38)
	at Framework.StartTest.loginPage(StartTest.java:30)
	at sun.reflect.NativeMethodAccessorImpl.invoke0(Native Method)
	at sun.reflect.NativeMethodAccessorImpl.invoke(Unknown Source)
	at sun.reflect.DelegatingMethodAccessorImpl.invoke(Unknown Source)
	at java.lang.reflect.Method.invoke(Unknown Source)
	at org.testng.internal.MethodInvocationHelper.invokeMethod(MethodInvocationHelper.java:85)
	at org.testng.internal.Invoker.invokeMethod(Invoker.java:639)
	at org.testng.internal.Invoker.invokeTestMethod(Invoker.java:816)
	at org.testng.internal.Invoker.invokeTestMethods(Invoker.java:1124)
	at org.testng.internal.TestMethodWorker.invokeTestMethods(TestMethodWorker.java:125)
	at org.testng.internal.TestMethodWorker.run(TestMethodWorker.java:108)
	at org.testng.TestRunner.privateRun(TestRunner.java:774)
	at org.testng.TestRunner.run(TestRunner.java:624)
	at org.testng.SuiteRunner.runTest(SuiteRunner.java:359)
	at org.testng.SuiteRunner.runSequentially(SuiteRunner.java:354)
	at org.testng.SuiteRunner.privateRun(SuiteRunner.java:312)
	at org.testng.SuiteRunner.run(SuiteRunner.java:261)
	at org.testng.SuiteRunnerWorker.runSuite(SuiteRunnerWorker.java:52)
	at org.testng.SuiteRunnerWorker.run(SuiteRunnerWorker.java:86)
	at org.testng.TestNG.runSuitesSequentially(TestNG.java:1215)
	at org.testng.TestNG.runSuitesLocally(TestNG.java:1140)
	at org.testng.TestNG.run(TestNG.java:1048)
	at org.testng.remote.AbstractRemoteTestNG.run(AbstractRemoteTestNG.java:114)
	at org.testng.remote.RemoteTestNG.initAndRun(RemoteTestNG.java:251)
	at org.testng.remote.RemoteTestNG.main(RemoteTestNG.java:77)
]]>
            </full-stacktrace>
          </exception> <!-- org.openqa.selenium.NoSuchElementException -->
          <reporter-output>
          </reporter-output>
        </test-method> <!-- loginPage -->
        <test-method status="FAIL" signature="loginPage(java.lang.String, java.lang.String)[pri:0, instance:Framework.StartTest@5025a98f]" name="loginPage" duration-ms="80238" started-at="2018-10-15T00:39:07Z" data-provider="Authentication" finished-at="2018-10-15T00:40:27Z">
          <params>
            <param index="0">
              <value>
                <![CDATA[oct4t]]>
              </value>
            </param>
            <param index="1">
              <value>
                <![CDATA[Infinity@1]]>
              </value>
            </param>
          </params>
          <exception class="org.openqa.selenium.NoSuchElementException">
            <message>
              <![CDATA[An element could not be located on the page using the given search parameters. (WARNING: The server did not provide any stacktrace information)
Command duration or timeout: 80.24 seconds
For documentation on this error, please visit: http://seleniumhq.org/exceptions/no_such_element.html
Build info: version: '3.0.0', revision: '350cf60', time: '2016-10-13 10:48:16 -0700'
System info: host: 'LenovoPC', ip: '192.168.43.31', os.name: 'Windows 10', os.arch: 'amd64', os.version: '10.0', java.version: '1.8.0_171'
Driver info: io.appium.java_client.android.AndroidDriver
Capabilities [{app=C:\Apllications and installer\APK\app-spark-qaRelease.apk, appPackage=com.harman.spark, deviceScreenSize=1080x2280, networkConnectionEnabled=true, clearSystemFiles=true, warnings={}, databaseEnabled=false, deviceName=86S7N18426001560, platform=ANDROID, deviceUDID=86S7N18426001560, appActivity=com.tantalumcorporation.phoenix.common.environment.EnvironmentActivity, desired={app=C:\Apllications and installer\APK\app-spark-qaRelease.apk, appPackage=com.harman.spark, appActivity=com.tantalumcorporation.phoenix.common.environment.EnvironmentActivity, clearSystemFiles=true, platformVersion=8.0.0, autoGrantPermissions=true, platformName=Android, deviceName=Huawei P20 Lite, platform=ANDROID, enablePerformanceLogging=true}, platformVersion=8.0.0, webStorageEnabled=false, locationContextEnabled=false, takesScreenshot=true, autoGrantPermissions=true, javascriptEnabled=true, deviceModel=ANE-AL00, platformName=Android, deviceManufacturer=HUAWEI, enablePerformanceLogging=true}]
Session ID: f7df69a2-ac02-4304-b3b7-67574925402c
*** Element info: {Using=id, value=username}]]>
            </message>
            <full-stacktrace>
              <![CDATA[org.openqa.selenium.NoSuchElementException: An element could not be located on the page using the given search parameters. (WARNING: The server did not provide any stacktrace information)
Command duration or timeout: 80.24 seconds
For documentation on this error, please visit: http://seleniumhq.org/exceptions/no_such_element.html
Build info: version: '3.0.0', revision: '350cf60', time: '2016-10-13 10:48:16 -0700'
System info: host: 'LenovoPC', ip: '192.168.43.31', os.name: 'Windows 10', os.arch: 'amd64', os.version: '10.0', java.version: '1.8.0_171'
Driver info: io.appium.java_client.android.AndroidDriver
Capabilities [{app=C:\Apllications and installer\APK\app-spark-qaRelease.apk, appPackage=com.harman.spark, deviceScreenSize=1080x2280, networkConnectionEnabled=true, clearSystemFiles=true, warnings={}, databaseEnabled=false, deviceName=86S7N18426001560, platform=ANDROID, deviceUDID=86S7N18426001560, appActivity=com.tantalumcorporation.phoenix.common.environment.EnvironmentActivity, desired={app=C:\Apllications and installer\APK\app-spark-qaRelease.apk, appPackage=com.harman.spark, appActivity=com.tantalumcorporation.phoenix.common.environment.EnvironmentActivity, clearSystemFiles=true, platformVersion=8.0.0, autoGrantPermissions=true, platformName=Android, deviceName=Huawei P20 Lite, platform=ANDROID, enablePerformanceLogging=true}, platformVersion=8.0.0, webStorageEnabled=false, locationContextEnabled=false, takesScreenshot=true, autoGrantPermissions=true, javascriptEnabled=true, deviceModel=ANE-AL00, platformName=Android, deviceManufacturer=HUAWEI, enablePerformanceLogging=true}]
Session ID: f7df69a2-ac02-4304-b3b7-67574925402c
*** Element info: {Using=id, value=username}
	at sun.reflect.NativeConstructorAccessorImpl.newInstance0(Native Method)
	at sun.reflect.NativeConstructorAccessorImpl.newInstance(Unknown Source)
	at sun.reflect.DelegatingConstructorAccessorImpl.newInstance(Unknown Source)
	at java.lang.reflect.Constructor.newInstance(Unknown Source)
	at org.openqa.selenium.remote.ErrorHandler.createThrowable(ErrorHandler.java:216)
	at org.openqa.selenium.remote.ErrorHandler.throwIfResponseFailed(ErrorHandler.java:168)
	at org.openqa.selenium.remote.RemoteWebDriver.execute(RemoteWebDriver.java:635)
	at io.appium.java_client.DefaultGenericMobileDriver.execute(DefaultGenericMobileDriver.java:42)
	at io.appium.java_client.AppiumDriver.execute(AppiumDriver.java:1)
	at io.appium.java_client.android.AndroidDriver.execute(AndroidDriver.java:1)
	at org.openqa.selenium.remote.RemoteWebDriver.findElement(RemoteWebDriver.java:368)
	at io.appium.java_client.DefaultGenericMobileDriver.findElement(DefaultGenericMobileDriver.java:62)
	at io.appium.java_client.AppiumDriver.findElement(AppiumDriver.java:1)
	at io.appium.java_client.android.AndroidDriver.findElement(AndroidDriver.java:1)
	at org.openqa.selenium.remote.RemoteWebDriver.findElementById(RemoteWebDriver.java:417)
	at io.appium.java_client.DefaultGenericMobileDriver.findElementById(DefaultGenericMobileDriver.java:70)
	at io.appium.java_client.AppiumDriver.findElementById(AppiumDriver.java:1)
	at io.appium.java_client.android.AndroidDriver.findElementById(AndroidDriver.java:1)
	at org.openqa.selenium.By$ById.findElement(By.java:218)
	at org.openqa.selenium.remote.RemoteWebDriver.findElement(RemoteWebDriver.java:360)
	at io.appium.java_client.DefaultGenericMobileDriver.findElement(DefaultGenericMobileDriver.java:58)
	at io.appium.java_client.AppiumDriver.findElement(AppiumDriver.java:1)
	at io.appium.java_client.android.AndroidDriver.findElement(AndroidDriver.java:1)
	at Framework.LoginPage.loginAction(LoginPage.java:20)
	at Framework.StartTest.loginPage(StartTest.java:30)
	at sun.reflect.NativeMethodAccessorImpl.invoke0(Native Method)
	at sun.reflect.NativeMethodAccessorImpl.invoke(Unknown Source)
	at sun.reflect.DelegatingMethodAccessorImpl.invoke(Unknown Source)
	at java.lang.reflect.Method.invoke(Unknown Source)
	at org.testng.internal.MethodInvocationHelper.invokeMethod(MethodInvocationHelper.java:85)
	at org.testng.internal.Invoker.invokeMethod(Invoker.java:639)
	at org.testng.internal.Invoker.invokeTestMethod(Invoker.java:816)
	at org.testng.internal.Invoker.invokeTestMethods(Invoker.java:1124)
	at org.testng.internal.TestMethodWorker.invokeTestMethods(TestMethodWorker.java:125)
	at org.testng.internal.TestMethodWorker.run(TestMethodWorker.java:108)
	at org.testng.TestRunner.privateRun(TestRunner.java:774)
	at org.testng.TestRunner.run(TestRunner.java:624)
	at org.testng.SuiteRunner.runTest(SuiteRunner.java:359)
	at org.testng.SuiteRunner.runSequentially(SuiteRunner.java:354)
	at org.testng.SuiteRunner.privateRun(SuiteRunner.java:312)
	at org.testng.SuiteRunner.run(SuiteRunner.java:261)
	at org.testng.SuiteRunnerWorker.runSuite(SuiteRunnerWorker.java:52)
	at org.testng.SuiteRunnerWorker.run(SuiteRunnerWorker.java:86)
	at org.testng.TestNG.runSuitesSequentially(TestNG.java:1215)
	at org.testng.TestNG.runSuitesLocally(TestNG.java:1140)
	at org.testng.TestNG.run(TestNG.java:1048)
	at org.testng.remote.AbstractRemoteTestNG.run(AbstractRemoteTestNG.java:114)
	at org.testng.remote.RemoteTestNG.initAndRun(RemoteTestNG.java:251)
	at org.testng.remote.RemoteTestNG.main(RemoteTestNG.java:77)
]]>
            </full-stacktrace>
          </exception> <!-- org.openqa.selenium.NoSuchElementException -->
          <reporter-output>
          </reporter-output>
        </test-method> <!-- loginPage -->
        <test-method status="PASS" signature="afterTest()[pri:0, instance:Framework.StartTest@5025a98f]" name="afterTest" is-config="true" duration-ms="2699" started-at="2018-10-15T00:40:27Z" finished-at="2018-10-15T00:40:30Z">
          <reporter-output>
          </reporter-output>
        </test-method> <!-- afterTest -->
      </class> <!-- Framework.StartTest -->
    </test> <!-- Default test -->
  </suite> <!-- Default suite -->
</testng-results>
